<?xml version="1.0" encoding="UTF-8"?>
<!-- Generated by org.testng.reporters.JUnitReportReporter -->
<testsuite skipped="0" hostname="maa" name="com.atmecs.automationPractice.LoginTest" tests="2" failures="0" timestamp="07 Apr 2018 08:04:36 GMT" time="31.949" errors="0">
  <testcase name="performLoginFromHomepage" time="15.752" classname="com.atmecs.automationPractice.LoginTest"/>
  <testcase name="performLoginFromHomepage" time="16.197" classname="com.atmecs.automationPractice.LoginTest"/>
</testsuite> <!-- com.atmecs.automationPractice.LoginTest -->
