<?xml version="1.0" encoding="UTF-8"?>
<!-- Generated by org.testng.reporters.JUnitReportReporter -->
<testsuite skipped="0" hostname="maa" name="com.atmecs.automationPractice.MessageTest" tests="1" failures="0" timestamp="03 Apr 2018 19:30:25 GMT" time="29.186" errors="0">
  <testcase name="composeMessage" time="29.186" classname="com.atmecs.automationPractice.MessageTest"/>
</testsuite> <!-- com.atmecs.automationPractice.MessageTest -->
