<?xml version="1.0" encoding="UTF-8"?>
<!-- Generated by org.testng.reporters.JUnitReportReporter -->
<testsuite skipped="0" hostname="maa" name="com.atmecs.automationPractice.RegisterationTest" tests="1" failures="0" timestamp="04 Apr 2018 19:00:58 GMT" time="20.748" errors="0">
  <testcase name="performRegisteration" time="20.748" classname="com.atmecs.automationPractice.RegisterationTest"/>
</testsuite> <!-- com.atmecs.automationPractice.RegisterationTest -->
