<?xml version="1.0" encoding="UTF-8"?>
<!-- Generated by org.testng.reporters.JUnitReportReporter -->
<testsuite skipped="0" hostname="maa" name="com.atmecs.automationPractice.RegisterationTest" tests="1" failures="0" timestamp="06 Apr 2018 09:40:07 GMT" time="34.668" errors="0">
  <testcase name="performRegisteration" time="34.668" classname="com.atmecs.automationPractice.RegisterationTest"/>
</testsuite> <!-- com.atmecs.automationPractice.RegisterationTest -->
