<?xml version="1.0" encoding="UTF-8"?>
<!-- Generated by org.testng.reporters.JUnitReportReporter -->
<testsuite skipped="0" hostname="maa" name="com.atmecs.automationPractice.MessageTest" tests="4" failures="0" timestamp="07 Apr 2018 08:04:36 GMT" time="38.094" errors="0">
  <testcase name="performLogin" time="11.763" classname="com.atmecs.automationPractice.MessageTest"/>
  <testcase name="composeAndSendMessage" time="4.977" classname="com.atmecs.automationPractice.MessageTest"/>
  <testcase name="performLogin" time="15.535" classname="com.atmecs.automationPractice.MessageTest"/>
  <testcase name="composeAndSendMessage" time="5.819" classname="com.atmecs.automationPractice.MessageTest"/>
</testsuite> <!-- com.atmecs.automationPractice.MessageTest -->
